# JRE version: Java(TM) SE Runtime Environment (8.0_192-b12) (build 1.8.0_192-b12)
# Java VM: Java HotSpot(TM) 64-Bit Server VM (25.192-b12 mixed mode windows-amd64 compressed oops)
Heap:
 PSYoungGen      total 262656K, used 20744K [0x0000000780000000, 0x0000000793980000, 0x00000007c0000000)
  eden space 218112K, 9% used [0x0000000780000000,0x0000000781442028,0x000000078d500000)
  from space 44544K, 0% used [0x0000000790180000,0x0000000790180000,0x0000000792d00000)
  to   space 45568K, 0% used [0x000000078d500000,0x000000078d500000,0x0000000790180000)
 ParOldGen       total 270336K, used 51452K [0x0000000700000000, 0x0000000710800000, 0x0000000780000000)
  object space 270336K, 19% used [0x0000000700000000,0x000000070323f360,0x0000000710800000)
 Metaspace       used 58247K, capacity 59380K, committed 59560K, reserved 1101824K
  class space    used 7740K, capacity 8050K, committed 8112K, reserved 1048576K
GC Heap History (10 events):
Event: 63.918 GC heap before
{Heap before GC invocations=15 (full 2):
 PSYoungGen      total 161792K, used 161790K [0x0000000780000000, 0x000000078e300000, 0x00000007c0000000)
  eden space 143360K, 100% used [0x0000000780000000,0x0000000788c00000,0x0000000788c00000)
  from space 18432K, 99% used [0x000000078ab80000,0x000000078bd7fa10,0x000000078bd80000)
  to   space 32256K, 0% used [0x0000000788c00000,0x0000000788c00000,0x000000078ab80000)
 ParOldGen       total 184832K, used 54341K [0x0000000700000000, 0x000000070b480000, 0x0000000780000000)
  object space 184832K, 29% used [0x0000000700000000,0x0000000703511508,0x000000070b480000)
 Metaspace       used 57811K, capacity 58866K, committed 59048K, reserved 1099776K
  class space    used 7708K, capacity 8008K, committed 8112K, reserved 1048576K
Event: 63.930 GC heap after
Heap after GC invocations=15 (full 2):
 PSYoungGen      total 175616K, used 32228K [0x0000000780000000, 0x000000078f700000, 0x00000007c0000000)
  eden space 143360K, 0% used [0x0000000780000000,0x0000000780000000,0x0000000788c00000)
  from space 32256K, 99% used [0x0000000788c00000,0x000000078ab79338,0x000000078ab80000)
  to   space 38400K, 0% used [0x000000078d180000,0x000000078d180000,0x000000078f700000)
 ParOldGen       total 184832K, used 58050K [0x0000000700000000, 0x000000070b480000, 0x0000000780000000)
  object space 184832K, 31% used [0x0000000700000000,0x00000007038b0928,0x000000070b480000)
 Metaspace       used 57811K, capacity 58866K, committed 59048K, reserved 1099776K
  class space    used 7708K, capacity 8008K, committed 8112K, reserved 1048576K
}
Event: 64.610 GC heap before
{Heap before GC invocations=16 (full 2):
 PSYoungGen      total 175616K, used 175588K [0x0000000780000000, 0x000000078f700000, 0x00000007c0000000)
  eden space 143360K, 100% used [0x0000000780000000,0x0000000788c00000,0x0000000788c00000)
  from space 32256K, 99% used [0x0000000788c00000,0x000000078ab79338,0x000000078ab80000)
  to   space 38400K, 0% used [0x000000078d180000,0x000000078d180000,0x000000078f700000)
 ParOldGen       total 184832K, used 58050K [0x0000000700000000, 0x000000070b480000, 0x0000000780000000)
  object space 184832K, 31% used [0x0000000700000000,0x00000007038b0928,0x000000070b480000)
 Metaspace       used 57946K, capacity 59038K, committed 59160K, reserved 1099776K
  class space    used 7718K, capacity 8042K, committed 8112K, reserved 1048576K
Event: 64.627 GC heap after
Heap after GC invocations=16 (full 2):
 PSYoungGen      total 211968K, used 30614K [0x0000000780000000, 0x000000078fe00000, 0x00000007c0000000)
  eden space 173568K, 0% used [0x0000000780000000,0x0000000780000000,0x000000078a980000)
  from space 38400K, 79% used [0x000000078d180000,0x000000078ef65be0,0x000000078f700000)
  to   space 40960K, 0% used [0x000000078a980000,0x000000078a980000,0x000000078d180000)
 ParOldGen       total 184832K, used 61949K [0x0000000700000000, 0x000000070b480000, 0x0000000780000000)
  object space 184832K, 33% used [0x0000000700000000,0x0000000703c7f688,0x000000070b480000)
 Metaspace       used 57946K, capacity 59038K, committed 59160K, reserved 1099776K
  class space    used 7718K, capacity 8042K, committed 8112K, reserved 1048576K
}
Event: 64.973 GC heap before
{Heap before GC invocations=17 (full 2):
 PSYoungGen      total 211968K, used 201875K [0x0000000780000000, 0x000000078fe00000, 0x00000007c0000000)
  eden space 173568K, 98% used [0x0000000780000000,0x000000078a73f408,0x000000078a980000)
  from space 38400K, 79% used [0x000000078d180000,0x000000078ef65be0,0x000000078f700000)
  to   space 40960K, 0% used [0x000000078a980000,0x000000078a980000,0x000000078d180000)
 ParOldGen       total 184832K, used 61949K [0x0000000700000000, 0x000000070b480000, 0x0000000780000000)
  object space 184832K, 33% used [0x0000000700000000,0x0000000703c7f688,0x000000070b480000)
 Metaspace       used 57946K, capacity 59038K, committed 59160K, reserved 1099776K
  class space    used 7718K, capacity 8042K, committed 8112K, reserved 1048576K
Event: 64.983 GC heap after
Heap after GC invocations=17 (full 2):
 PSYoungGen      total 214528K, used 34308K [0x0000000780000000, 0x0000000792d00000, 0x00000007c0000000)
  eden space 173568K, 0% used [0x0000000780000000,0x0000000780000000,0x000000078a980000)
  from space 40960K, 83% used [0x000000078a980000,0x000000078cb01398,0x000000078d180000)
  to   space 44544K, 0% used [0x0000000790180000,0x0000000790180000,0x0000000792d00000)
 ParOldGen       total 184832K, used 61957K [0x0000000700000000, 0x000000070b480000, 0x0000000780000000)
  object space 184832K, 33% used [0x0000000700000000,0x0000000703c81688,0x000000070b480000)
 Metaspace       used 57946K, capacity 59038K, committed 59160K, reserved 1099776K
  class space    used 7718K, capacity 8042K, committed 8112K, reserved 1048576K
}
Event: 65.207 GC heap before
{Heap before GC invocations=18 (full 2):
 PSYoungGen      total 214528K, used 123262K [0x0000000780000000, 0x0000000792d00000, 0x00000007c0000000)
  eden space 173568K, 51% used [0x0000000780000000,0x00000007856de670,0x000000078a980000)
  from space 40960K, 83% used [0x000000078a980000,0x000000078cb01398,0x000000078d180000)
  to   space 44544K, 0% used [0x0000000790180000,0x0000000790180000,0x0000000792d00000)
 ParOldGen       total 184832K, used 61957K [0x0000000700000000, 0x000000070b480000, 0x0000000780000000)
  object space 184832K, 33% used [0x0000000700000000,0x0000000703c81688,0x000000070b480000)
 Metaspace       used 57979K, capacity 59050K, committed 59160K, reserved 1099776K
  class space    used 7721K, capacity 8046K, committed 8112K, reserved 1048576K
Event: 65.222 GC heap after
Heap after GC invocations=18 (full 2):
 PSYoungGen      total 262656K, used 29822K [0x0000000780000000, 0x0000000793980000, 0x00000007c0000000)
  eden space 218112K, 0% used [0x0000000780000000,0x0000000780000000,0x000000078d500000)
  from space 44544K, 66% used [0x0000000790180000,0x0000000791e9fbe0,0x0000000792d00000)
  to   space 45568K, 0% used [0x000000078d500000,0x000000078d500000,0x0000000790180000)
 ParOldGen       total 184832K, used 61957K [0x0000000700000000, 0x000000070b480000, 0x0000000780000000)
  object space 184832K, 33% used [0x0000000700000000,0x0000000703c81688,0x000000070b480000)
 Metaspace       used 57979K, capacity 59050K, committed 59160K, reserved 1099776K
  class space    used 7721K, capacity 8046K, committed 8112K, reserved 1048576K
}
Event: 65.222 GC heap before
{Heap before GC invocations=19 (full 3):
 PSYoungGen      total 262656K, used 29822K [0x0000000780000000, 0x0000000793980000, 0x00000007c0000000)
  eden space 218112K, 0% used [0x0000000780000000,0x0000000780000000,0x000000078d500000)
  from space 44544K, 66% used [0x0000000790180000,0x0000000791e9fbe0,0x0000000792d00000)
  to   space 45568K, 0% used [0x000000078d500000,0x000000078d500000,0x0000000790180000)
 ParOldGen       total 184832K, used 61957K [0x0000000700000000, 0x000000070b480000, 0x0000000780000000)
  object space 184832K, 33% used [0x0000000700000000,0x0000000703c81688,0x000000070b480000)
 Metaspace       used 57979K, capacity 59050K, committed 59160K, reserved 1099776K
  class space    used 7721K, capacity 8046K, committed 8112K, reserved 1048576K
Event: 65.390 GC heap after
Heap after GC invocations=19 (full 3):
 PSYoungGen      total 262656K, used 0K [0x0000000780000000, 0x0000000793980000, 0x00000007c0000000)
  eden space 218112K, 0% used [0x0000000780000000,0x0000000780000000,0x000000078d500000)
  from space 44544K, 0% used [0x0000000790180000,0x0000000790180000,0x0000000792d00000)
  to   space 45568K, 0% used [0x000000078d500000,0x000000078d500000,0x0000000790180000)
 ParOldGen       total 270336K, used 51452K [0x0000000700000000, 0x0000000710800000, 0x0000000780000000)
  object space 270336K, 19% used [0x0000000700000000,0x000000070323f360,0x0000000710800000)
 Metaspace       used 57963K, capacity 59032K, committed 59160K, reserved 1099776K
  class space    used 7719K, capacity 8044K, committed 8112K, reserved 1048576K
}

